# JRE version: OpenJDK Runtime Environment Temurin-21.0.10+7 (21.0.10+7) (build 21.0.10+7-LTS)
# Java VM: OpenJDK 64-Bit Server VM Temurin-21.0.10+7 (21.0.10+7-LTS, mixed mode, sharing, tiered, compressed oops, compressed class ptrs, parallel gc, windows-amd64)
GC Precious Log:
 CardTable entry size: 512
 CPUs: 8 total, 8 available
 Memory: 7792M
 Large Page Support: Disabled
 NUMA Support: Disabled
 Compressed Oops: Enabled (32-bit)
 Alignments: Space 512K, Generation 512K, Heap 2M
 Heap Min Capacity: 100M
 Heap Initial Capacity: 100M
 Heap Max Capacity: 2G
 Pre-touch: Disabled
 Parallel Workers: 8
Heap:
 PSYoungGen      total 7168K, used 596K [0x00000000d5580000, 0x00000000d5f00000, 0x0000000100000000)
  eden space 6656K, 5% used [0x00000000d5580000,0x00000000d55dd1f8,0x00000000d5c00000)
  from space 512K, 43% used [0x00000000d5e80000,0x00000000d5eb8000,0x00000000d5f00000)
  to   space 512K, 0% used [0x00000000d5e00000,0x00000000d5e00000,0x00000000d5e80000)
 ParOldGen       total 1110016K, used 1109770K [0x0000000080000000, 0x00000000c3c00000, 0x00000000d5580000)
  object space 1110016K, 99% used [0x0000000080000000,0x00000000c3bc2b78,0x00000000c3c00000)
 Metaspace       used 94611K, committed 96192K, reserved 1179648K
  class space    used 9411K, committed 10112K, reserved 1048576K
GC Heap History (20 events):
Event: 5477.263 GC heap before
{Heap before GC invocations=9893 (full 8):
 PSYoungGen      total 9216K, used 8928K [0x00000000d5580000, 0x00000000d6000000, 0x0000000100000000)
  eden space 8704K, 100% used [0x00000000d5580000,0x00000000d5e00000,0x00000000d5e00000)
  from space 512K, 43% used [0x00000000d5f80000,0x00000000d5fb8000,0x00000000d6000000)
  to   space 512K, 0% used [0x00000000d5f00000,0x00000000d5f00000,0x00000000d5f80000)
 ParOldGen       total 1102336K, used 1102258K [0x0000000080000000, 0x00000000c3480000, 0x00000000d5580000)
  object space 1102336K, 99% used [0x0000000080000000,0x00000000c346ca20,0x00000000c3480000)
 Metaspace       used 94601K, committed 96192K, reserved 1179648K
  class space    used 9411K, committed 10112K, reserved 1048576K
}
Event: 5477.267 GC heap after
{Heap after GC invocations=9893 (full 8):
 PSYoungGen      total 9216K, used 509K [0x00000000d5580000, 0x00000000d6300000, 0x0000000100000000)
  eden space 8704K, 0% used [0x00000000d5580000,0x00000000d5580000,0x00000000d5e00000)
  from space 512K, 99% used [0x00000000d5f00000,0x00000000d5f7f458,0x00000000d5f80000)
  to   space 2560K, 0% used [0x00000000d6080000,0x00000000d6080000,0x00000000d6300000)
 ParOldGen       total 1103872K, used 1103684K [0x0000000080000000, 0x00000000c3600000, 0x00000000d5580000)
  object space 1103872K, 99% used [0x0000000080000000,0x00000000c35d11b8,0x00000000c3600000)
 Metaspace       used 94601K, committed 96192K, reserved 1179648K
  class space    used 9411K, committed 10112K, reserved 1048576K
}
Event: 5477.423 GC heap before
{Heap before GC invocations=9894 (full 8):
 PSYoungGen      total 9216K, used 9213K [0x00000000d5580000, 0x00000000d6300000, 0x0000000100000000)
  eden space 8704K, 100% used [0x00000000d5580000,0x00000000d5e00000,0x00000000d5e00000)
  from space 512K, 99% used [0x00000000d5f00000,0x00000000d5f7f458,0x00000000d5f80000)
  to   space 2560K, 0% used [0x00000000d6080000,0x00000000d6080000,0x00000000d6300000)
 ParOldGen       total 1103872K, used 1103684K [0x0000000080000000, 0x00000000c3600000, 0x00000000d5580000)
  object space 1103872K, 99% used [0x0000000080000000,0x00000000c35d11b8,0x00000000c3600000)
 Metaspace       used 94604K, committed 96192K, reserved 1179648K
  class space    used 9411K, committed 10112K, reserved 1048576K
}
Event: 5477.428 GC heap after
{Heap after GC invocations=9894 (full 8):
 PSYoungGen      total 9216K, used 2551K [0x00000000d5580000, 0x00000000d6700000, 0x0000000100000000)
  eden space 6656K, 0% used [0x00000000d5580000,0x00000000d5580000,0x00000000d5c00000)
  from space 2560K, 99% used [0x00000000d6080000,0x00000000d62fddd0,0x00000000d6300000)
  to   space 4608K, 0% used [0x00000000d5c00000,0x00000000d5c00000,0x00000000d6080000)
 ParOldGen       total 1105408K, used 1104937K [0x0000000080000000, 0x00000000c3780000, 0x00000000d5580000)
  object space 1105408K, 99% used [0x0000000080000000,0x00000000c370a630,0x00000000c3780000)
 Metaspace       used 94604K, committed 96192K, reserved 1179648K
  class space    used 9411K, committed 10112K, reserved 1048576K
}
Event: 5477.523 GC heap before
{Heap before GC invocations=9895 (full 8):
 PSYoungGen      total 9216K, used 9207K [0x00000000d5580000, 0x00000000d6700000, 0x0000000100000000)
  eden space 6656K, 100% used [0x00000000d5580000,0x00000000d5c00000,0x00000000d5c00000)
  from space 2560K, 99% used [0x00000000d6080000,0x00000000d62fddd0,0x00000000d6300000)
  to   space 4608K, 0% used [0x00000000d5c00000,0x00000000d5c00000,0x00000000d6080000)
 ParOldGen       total 1105408K, used 1104937K [0x0000000080000000, 0x00000000c3780000, 0x00000000d5580000)
  object space 1105408K, 99% used [0x0000000080000000,0x00000000c370a630,0x00000000c3780000)
 Metaspace       used 94607K, committed 96192K, reserved 1179648K
  class space    used 9411K, committed 10112K, reserved 1048576K
}
Event: 5477.531 GC heap after
{Heap after GC invocations=9895 (full 8):
 PSYoungGen      total 8704K, used 1539K [0x00000000d5580000, 0x00000000d6100000, 0x0000000100000000)
  eden space 6656K, 0% used [0x00000000d5580000,0x00000000d5580000,0x00000000d5c00000)
  from space 2048K, 75% used [0x00000000d5c00000,0x00000000d5d80ed8,0x00000000d5e00000)
  to   space 2560K, 0% used [0x00000000d5e80000,0x00000000d5e80000,0x00000000d6100000)
 ParOldGen       total 1107968K, used 1107482K [0x0000000080000000, 0x00000000c3a00000, 0x00000000d5580000)
  object space 1107968K, 99% used [0x0000000080000000,0x00000000c3986b88,0x00000000c3a00000)
 Metaspace       used 94607K, committed 96192K, reserved 1179648K
  class space    used 9411K, committed 10112K, reserved 1048576K
}
Event: 5477.574 GC heap before
{Heap before GC invocations=9896 (full 8):
 PSYoungGen      total 8704K, used 8195K [0x00000000d5580000, 0x00000000d6100000, 0x0000000100000000)
  eden space 6656K, 100% used [0x00000000d5580000,0x00000000d5c00000,0x00000000d5c00000)
  from space 2048K, 75% used [0x00000000d5c00000,0x00000000d5d80ed8,0x00000000d5e00000)
  to   space 2560K, 0% used [0x00000000d5e80000,0x00000000d5e80000,0x00000000d6100000)
 ParOldGen       total 1107968K, used 1107482K [0x0000000080000000, 0x00000000c3a00000, 0x00000000d5580000)
  object space 1107968K, 99% used [0x0000000080000000,0x00000000c3986b88,0x00000000c3a00000)
 Metaspace       used 94608K, committed 96192K, reserved 1179648K
  class space    used 9411K, committed 10112K, reserved 1048576K
}
Event: 5477.578 GC heap after
{Heap after GC invocations=9896 (full 8):
 PSYoungGen      total 7680K, used 707K [0x00000000d5580000, 0x00000000d5f80000, 0x0000000100000000)
  eden space 6656K, 0% used [0x00000000d5580000,0x00000000d5580000,0x00000000d5c00000)
  from space 1024K, 69% used [0x00000000d5e80000,0x00000000d5f30ef8,0x00000000d5f80000)
  to   space 1536K, 0% used [0x00000000d5c80000,0x00000000d5c80000,0x00000000d5e00000)
 ParOldGen       total 1108992K, used 1108859K [0x0000000080000000, 0x00000000c3b00000, 0x00000000d5580000)
  object space 1108992K, 99% used [0x0000000080000000,0x00000000c3adec40,0x00000000c3b00000)
 Metaspace       used 94608K, committed 96192K, reserved 1179648K
  class space    used 9411K, committed 10112K, reserved 1048576K
}
Event: 5479.511 GC heap before
{Heap before GC invocations=9897 (full 8):
 PSYoungGen      total 7680K, used 7363K [0x00000000d5580000, 0x00000000d5f80000, 0x0000000100000000)
  eden space 6656K, 99% used [0x00000000d5580000,0x00000000d5bffff8,0x00000000d5c00000)
  from space 1024K, 69% used [0x00000000d5e80000,0x00000000d5f30ef8,0x00000000d5f80000)
  to   space 1536K, 0% used [0x00000000d5c80000,0x00000000d5c80000,0x00000000d5e00000)
 ParOldGen       total 1108992K, used 1108859K [0x0000000080000000, 0x00000000c3b00000, 0x00000000d5580000)
  object space 1108992K, 99% used [0x0000000080000000,0x00000000c3adec40,0x00000000c3b00000)
 Metaspace       used 94608K, committed 96192K, reserved 1179648K
  class space    used 9411K, committed 10112K, reserved 1048576K
}
Event: 5479.519 GC heap after
{Heap after GC invocations=9897 (full 8):
 PSYoungGen      total 8192K, used 256K [0x00000000d5580000, 0x00000000d5f00000, 0x0000000100000000)
  eden space 6656K, 0% used [0x00000000d5580000,0x00000000d5580000,0x00000000d5c00000)
  from space 1536K, 16% used [0x00000000d5c80000,0x00000000d5cc0000,0x00000000d5e00000)
  to   space 512K, 0% used [0x00000000d5e80000,0x00000000d5e80000,0x00000000d5f00000)
 ParOldGen       total 1109504K, used 1109299K [0x0000000080000000, 0x00000000c3b80000, 0x00000000d5580000)
  object space 1109504K, 99% used [0x0000000080000000,0x00000000c3b4cc60,0x00000000c3b80000)
 Metaspace       used 94608K, committed 96192K, reserved 1179648K
  class space    used 9411K, committed 10112K, reserved 1048576K
}
Event: 5479.575 GC heap before
{Heap before GC invocations=9898 (full 8):
 PSYoungGen      total 8192K, used 6912K [0x00000000d5580000, 0x00000000d5f00000, 0x0000000100000000)
  eden space 6656K, 100% used [0x00000000d5580000,0x00000000d5c00000,0x00000000d5c00000)
  from space 1536K, 16% used [0x00000000d5c80000,0x00000000d5cc0000,0x00000000d5e00000)
  to   space 512K, 0% used [0x00000000d5e80000,0x00000000d5e80000,0x00000000d5f00000)
 ParOldGen       total 1109504K, used 1109299K [0x0000000080000000, 0x00000000c3b80000, 0x00000000d5580000)
  object space 1109504K, 99% used [0x0000000080000000,0x00000000c3b4cc60,0x00000000c3b80000)
 Metaspace       used 94608K, committed 96192K, reserved 1179648K
  class space    used 9411K, committed 10112K, reserved 1048576K
}
Event: 5479.580 GC heap after
{Heap after GC invocations=9898 (full 8):
 PSYoungGen      total 7168K, used 259K [0x00000000d5580000, 0x00000000d5f00000, 0x0000000100000000)
  eden space 6656K, 0% used [0x00000000d5580000,0x00000000d5580000,0x00000000d5c00000)
  from space 512K, 50% used [0x00000000d5e80000,0x00000000d5ec0ed8,0x00000000d5f00000)
  to   space 512K, 0% used [0x00000000d5e00000,0x00000000d5e00000,0x00000000d5e80000)
 ParOldGen       total 1109504K, used 1109347K [0x0000000080000000, 0x00000000c3b80000, 0x00000000d5580000)
  object space 1109504K, 99% used [0x0000000080000000,0x00000000c3b58c60,0x00000000c3b80000)
 Metaspace       used 94608K, committed 96192K, reserved 1179648K
  class space    used 9411K, committed 10112K, reserved 1048576K
}
Event: 5479.607 GC heap before
{Heap before GC invocations=9899 (full 8):
 PSYoungGen      total 7168K, used 6915K [0x00000000d5580000, 0x00000000d5f00000, 0x0000000100000000)
  eden space 6656K, 100% used [0x00000000d5580000,0x00000000d5c00000,0x00000000d5c00000)
  from space 512K, 50% used [0x00000000d5e80000,0x00000000d5ec0ed8,0x00000000d5f00000)
  to   space 512K, 0% used [0x00000000d5e00000,0x00000000d5e00000,0x00000000d5e80000)
 ParOldGen       total 1109504K, used 1109347K [0x0000000080000000, 0x00000000c3b80000, 0x00000000d5580000)
  object space 1109504K, 99% used [0x0000000080000000,0x00000000c3b58c60,0x00000000c3b80000)
 Metaspace       used 94608K, committed 96192K, reserved 1179648K
  class space    used 9411K, committed 10112K, reserved 1048576K
}
Event: 5479.612 GC heap after
{Heap after GC invocations=9899 (full 8):
 PSYoungGen      total 7168K, used 160K [0x00000000d5580000, 0x00000000d5f00000, 0x0000000100000000)
  eden space 6656K, 0% used [0x00000000d5580000,0x00000000d5580000,0x00000000d5c00000)
  from space 512K, 31% used [0x00000000d5e00000,0x00000000d5e28000,0x00000000d5e80000)
  to   space 512K, 0% used [0x00000000d5e80000,0x00000000d5e80000,0x00000000d5f00000)
 ParOldGen       total 1110016K, used 1109507K [0x0000000080000000, 0x00000000c3c00000, 0x00000000d5580000)
  object space 1110016K, 99% used [0x0000000080000000,0x00000000c3b80dc8,0x00000000c3c00000)
 Metaspace       used 94608K, committed 96192K, reserved 1179648K
  class space    used 9411K, committed 10112K, reserved 1048576K
}
Event: 5480.279 GC heap before
{Heap before GC invocations=9900 (full 8):
 PSYoungGen      total 7168K, used 6816K [0x00000000d5580000, 0x00000000d5f00000, 0x0000000100000000)
  eden space 6656K, 100% used [0x00000000d5580000,0x00000000d5c00000,0x00000000d5c00000)
  from space 512K, 31% used [0x00000000d5e00000,0x00000000d5e28000,0x00000000d5e80000)
  to   space 512K, 0% used [0x00000000d5e80000,0x00000000d5e80000,0x00000000d5f00000)
 ParOldGen       total 1110016K, used 1109507K [0x0000000080000000, 0x00000000c3c00000, 0x00000000d5580000)
  object space 1110016K, 99% used [0x0000000080000000,0x00000000c3b80dc8,0x00000000c3c00000)
 Metaspace       used 94608K, committed 96192K, reserved 1179648K
  class space    used 9411K, committed 10112K, reserved 1048576K
}
Event: 5480.289 GC heap after
{Heap after GC invocations=9900 (full 8):
 PSYoungGen      total 7168K, used 224K [0x00000000d5580000, 0x00000000d5f00000, 0x0000000100000000)
  eden space 6656K, 0% used [0x00000000d5580000,0x00000000d5580000,0x00000000d5c00000)
  from space 512K, 43% used [0x00000000d5e80000,0x00000000d5eb8000,0x00000000d5f00000)
  to   space 512K, 0% used [0x00000000d5e00000,0x00000000d5e00000,0x00000000d5e80000)
 ParOldGen       total 1110016K, used 1109539K [0x0000000080000000, 0x00000000c3c00000, 0x00000000d5580000)
  object space 1110016K, 99% used [0x0000000080000000,0x00000000c3b88dc8,0x00000000c3c00000)
 Metaspace       used 94608K, committed 96192K, reserved 1179648K
  class space    used 9411K, committed 10112K, reserved 1048576K
}
Event: 5480.316 GC heap before
{Heap before GC invocations=9901 (full 8):
 PSYoungGen      total 7168K, used 6880K [0x00000000d5580000, 0x00000000d5f00000, 0x0000000100000000)
  eden space 6656K, 100% used [0x00000000d5580000,0x00000000d5c00000,0x00000000d5c00000)
  from space 512K, 43% used [0x00000000d5e80000,0x00000000d5eb8000,0x00000000d5f00000)
  to   space 512K, 0% used [0x00000000d5e00000,0x00000000d5e00000,0x00000000d5e80000)
 ParOldGen       total 1110016K, used 1109539K [0x0000000080000000, 0x00000000c3c00000, 0x00000000d5580000)
  object space 1110016K, 99% used [0x0000000080000000,0x00000000c3b88dc8,0x00000000c3c00000)
 Metaspace       used 94608K, committed 96192K, reserved 1179648K
  class space    used 9411K, committed 10112K, reserved 1048576K
}
Event: 5480.321 GC heap after
{Heap after GC invocations=9901 (full 8):
 PSYoungGen      total 7168K, used 227K [0x00000000d5580000, 0x00000000d5f00000, 0x0000000100000000)
  eden space 6656K, 0% used [0x00000000d5580000,0x00000000d5580000,0x00000000d5c00000)
  from space 512K, 44% used [0x00000000d5e00000,0x00000000d5e38ed8,0x00000000d5e80000)
  to   space 512K, 0% used [0x00000000d5e80000,0x00000000d5e80000,0x00000000d5f00000)
 ParOldGen       total 1110016K, used 1109587K [0x0000000080000000, 0x00000000c3c00000, 0x00000000d5580000)
  object space 1110016K, 99% used [0x0000000080000000,0x00000000c3b94dc8,0x00000000c3c00000)
 Metaspace       used 94608K, committed 96192K, reserved 1179648K
  class space    used 9411K, committed 10112K, reserved 1048576K
}
Event: 5480.371 GC heap before
{Heap before GC invocations=9902 (full 8):
 PSYoungGen      total 7168K, used 6883K [0x00000000d5580000, 0x00000000d5f00000, 0x0000000100000000)
  eden space 6656K, 100% used [0x00000000d5580000,0x00000000d5c00000,0x00000000d5c00000)
  from space 512K, 44% used [0x00000000d5e00000,0x00000000d5e38ed8,0x00000000d5e80000)
  to   space 512K, 0% used [0x00000000d5e80000,0x00000000d5e80000,0x00000000d5f00000)
 ParOldGen       total 1110016K, used 1109587K [0x0000000080000000, 0x00000000c3c00000, 0x00000000d5580000)
  object space 1110016K, 99% used [0x0000000080000000,0x00000000c3b94dc8,0x00000000c3c00000)
 Metaspace       used 94608K, committed 96192K, reserved 1179648K
  class space    used 9411K, committed 10112K, reserved 1048576K
}
Event: 5480.375 GC heap after
{Heap after GC invocations=9902 (full 8):
 PSYoungGen      total 7168K, used 224K [0x00000000d5580000, 0x00000000d5f00000, 0x0000000100000000)
  eden space 6656K, 0% used [0x00000000d5580000,0x00000000d5580000,0x00000000d5c00000)
  from space 512K, 43% used [0x00000000d5e80000,0x00000000d5eb8000,0x00000000d5f00000)
  to   space 512K, 0% used [0x00000000d5e00000,0x00000000d5e00000,0x00000000d5e80000)
 ParOldGen       total 1110016K, used 1109770K [0x0000000080000000, 0x00000000c3c00000, 0x00000000d5580000)
  object space 1110016K, 99% used [0x0000000080000000,0x00000000c3bc2b78,0x00000000c3c00000)
 Metaspace       used 94608K, committed 96192K, reserved 1179648K
  class space    used 9411K, committed 10112K, reserved 1048576K
}

